<?xml version="1.0" encoding="UTF-8"?>
<testng-results ignored="0" total="1" passed="1" failed="0" skipped="0">
  <reporter-output>
  </reporter-output>
  <suite started-at="2025-12-24T14:43:58 CST" name="Default suite" finished-at="2025-12-24T14:44:09 CST" duration-ms="10641">
    <groups>
    </groups>
    <test started-at="2025-12-24T14:43:58 CST" name="Default test" finished-at="2025-12-24T14:44:09 CST" duration-ms="10641">
      <class name="com.suba.appium_proj1.AppiumBasics">
        <test-method signature="appiumTest1()[pri:0, instance:com.suba.appium_proj1.AppiumBasics@747ddf94]" started-at="2025-12-24T14:43:58 CST" name="appiumTest1" finished-at="2025-12-24T14:44:09 CST" duration-ms="10593" status="PASS">
          <reporter-output>
          </reporter-output>
        </test-method> <!-- appiumTest1 -->
      </class> <!-- com.suba.appium_proj1.AppiumBasics -->
    </test> <!-- Default test -->
  </suite> <!-- Default suite -->
</testng-results>
